[0.176s] DEBUG:colcon:Command line arguments: ['/usr/bin/colcon', 'build', '--packages-select', 'sfbot_can']
[0.176s] DEBUG:colcon:Parsed command line arguments: Namespace(log_base=None, log_level=None, verb_name='build', build_base='build', install_base='install', merge_install=False, symlink_install=False, test_result_base=None, continue_on_error=False, executor='parallel', parallel_workers=8, event_handlers=None, ignore_user_meta=False, metas=['./colcon.meta'], base_paths=['.'], packages_ignore=None, packages_ignore_regex=None, paths=None, packages_up_to=None, packages_up_to_regex=None, packages_above=None, packages_above_and_dependencies=None, packages_above_depth=None, packages_select_by_dep=None, packages_skip_by_dep=None, packages_skip_up_to=None, packages_select_build_failed=False, packages_skip_build_finished=False, packages_select_test_failures=False, packages_skip_test_passed=False, packages_select=['sfbot_can'], packages_skip=None, packages_select_regex=None, packages_skip_regex=None, packages_start=None, packages_end=None, allow_overriding=[], cmake_args=None, cmake_target=None, cmake_target_skip_unavailable=False, cmake_clean_cache=False, cmake_clean_first=False, cmake_force_configure=False, ament_cmake_args=None, catkin_cmake_args=None, catkin_skip_building_tests=False, mixin_files=None, mixin=None, verb_parser=<colcon_mixin.mixin.mixin_argument.MixinArgumentDecorator object at 0x72a1fa5f0080>, verb_extension=<colcon_core.verb.build.BuildVerb object at 0x72a1fa5c7da0>, main=<bound method BuildVerb.main of <colcon_core.verb.build.BuildVerb object at 0x72a1fa5c7da0>>, mixin_verb=('build',))
[0.222s] Level 1:colcon.colcon_core.package_discovery:discover_packages(colcon_meta) check parameters
[0.222s] Level 1:colcon.colcon_core.package_discovery:discover_packages(recursive) check parameters
[0.222s] Level 1:colcon.colcon_core.package_discovery:discover_packages(ignore) check parameters
[0.222s] Level 1:colcon.colcon_core.package_discovery:discover_packages(path) check parameters
[0.222s] Level 1:colcon.colcon_core.package_discovery:discover_packages(colcon_meta) discover
[0.222s] Level 1:colcon.colcon_core.package_discovery:discover_packages(recursive) discover
[0.222s] INFO:colcon.colcon_core.package_discovery:Crawling recursively for packages in '/home/yj/ros2_ws/src/sfbot_can'
[0.222s] Level 1:colcon.colcon_core.package_identification:_identify(.) by extensions ['ignore', 'ignore_ament_install']
[0.222s] Level 1:colcon.colcon_core.package_identification:_identify(.) by extension 'ignore'
[0.222s] Level 1:colcon.colcon_core.package_identification:_identify(.) by extension 'ignore_ament_install'
[0.222s] Level 1:colcon.colcon_core.package_identification:_identify(.) by extensions ['colcon_pkg']
[0.222s] Level 1:colcon.colcon_core.package_identification:_identify(.) by extension 'colcon_pkg'
[0.222s] Level 1:colcon.colcon_core.package_identification:_identify(.) by extensions ['colcon_meta']
[0.222s] Level 1:colcon.colcon_core.package_identification:_identify(.) by extension 'colcon_meta'
[0.222s] Level 1:colcon.colcon_core.package_identification:_identify(.) by extensions ['ros']
[0.223s] Level 1:colcon.colcon_core.package_identification:_identify(.) by extension 'ros'
[0.245s] DEBUG:colcon.colcon_core.package_identification:Package '.' with type 'ros.ament_cmake' and name 'sfbot_can'
[0.245s] Level 1:colcon.colcon_core.package_discovery:discover_packages(recursive) using defaults
[0.245s] Level 1:colcon.colcon_core.package_discovery:discover_packages(ignore) discover
[0.245s] Level 1:colcon.colcon_core.package_discovery:discover_packages(ignore) using defaults
[0.245s] Level 1:colcon.colcon_core.package_discovery:discover_packages(path) discover
[0.245s] Level 1:colcon.colcon_core.package_discovery:discover_packages(path) using defaults
[0.267s] Level 1:colcon.colcon_core.package_discovery:discover_packages(prefix_path) check parameters
[0.267s] Level 1:colcon.colcon_core.package_discovery:discover_packages(prefix_path) discover
[0.273s] DEBUG:colcon.colcon_installed_package_information.package_discovery:Found 94 installed packages in /home/yj/ros2_ws/install
[0.276s] DEBUG:colcon.colcon_installed_package_information.package_discovery:Found 387 installed packages in /opt/ros/jazzy
[0.277s] Level 1:colcon.colcon_core.package_discovery:discover_packages(prefix_path) using defaults
[0.335s] WARNING:colcon.colcon_core.package_selection:Some selected packages are already built in one or more underlay workspaces:
	'sfbot_can' is in: /home/yj/ros2_ws/install/sfbot_can
If a package in a merged underlay workspace is overridden and it installs headers, then all packages in the overlay must sort their include directories by workspace order. Failure to do so may result in build failures or undefined behavior at run time.
If the overridden package is used by another package in any underlay, then the overriding package in the overlay must be API and ABI compatible or undefined behavior at run time may occur.

If you understand the risks and want to override a package anyways, add the following to the command line:
	--allow-overriding sfbot_can

This may be promoted to an error in a future release of colcon-override-check.
[0.336s] Level 5:colcon.colcon_core.verb:set package 'sfbot_can' build argument 'cmake_args' from command line to 'None'
[0.336s] Level 5:colcon.colcon_core.verb:set package 'sfbot_can' build argument 'cmake_target' from command line to 'None'
[0.336s] Level 5:colcon.colcon_core.verb:set package 'sfbot_can' build argument 'cmake_target_skip_unavailable' from command line to 'False'
[0.336s] Level 5:colcon.colcon_core.verb:set package 'sfbot_can' build argument 'cmake_clean_cache' from command line to 'False'
[0.336s] Level 5:colcon.colcon_core.verb:set package 'sfbot_can' build argument 'cmake_clean_first' from command line to 'False'
[0.336s] Level 5:colcon.colcon_core.verb:set package 'sfbot_can' build argument 'cmake_force_configure' from command line to 'False'
[0.336s] Level 5:colcon.colcon_core.verb:set package 'sfbot_can' build argument 'ament_cmake_args' from command line to 'None'
[0.336s] Level 5:colcon.colcon_core.verb:set package 'sfbot_can' build argument 'catkin_cmake_args' from command line to 'None'
[0.336s] Level 5:colcon.colcon_core.verb:set package 'sfbot_can' build argument 'catkin_skip_building_tests' from command line to 'False'
[0.336s] DEBUG:colcon.colcon_core.verb:Building package 'sfbot_can' with the following arguments: {'ament_cmake_args': None, 'build_base': '/home/yj/ros2_ws/src/sfbot_can/build/sfbot_can', 'catkin_cmake_args': None, 'catkin_skip_building_tests': False, 'cmake_args': None, 'cmake_clean_cache': False, 'cmake_clean_first': False, 'cmake_force_configure': False, 'cmake_target': None, 'cmake_target_skip_unavailable': False, 'install_base': '/home/yj/ros2_ws/src/sfbot_can/install/sfbot_can', 'merge_install': False, 'path': '/home/yj/ros2_ws/src/sfbot_can', 'symlink_install': False, 'test_result_base': None}
[0.336s] INFO:colcon.colcon_core.executor:Executing jobs using 'parallel' executor
[0.337s] DEBUG:colcon.colcon_parallel_executor.executor.parallel:run_until_complete
[0.337s] INFO:colcon.colcon_ros.task.ament_cmake.build:Building ROS package in '/home/yj/ros2_ws/src/sfbot_can' with build type 'ament_cmake'
[0.338s] INFO:colcon.colcon_cmake.task.cmake.build:Building CMake package in '/home/yj/ros2_ws/src/sfbot_can'
[0.341s] INFO:colcon.colcon_core.plugin_system:Skipping extension 'colcon_core.shell.bat': Not used on non-Windows systems
[0.341s] INFO:colcon.colcon_core.shell:Skip shell extension 'powershell' for command environment: Not usable outside of PowerShell
[0.341s] DEBUG:colcon.colcon_core.shell:Skip shell extension 'dsv' for command environment
[0.355s] DEBUG:colcon.colcon_core.event_handler.log_command:Invoking command in '/home/yj/ros2_ws/src/sfbot_can/build/sfbot_can': CMAKE_PREFIX_PATH=${CMAKE_PREFIX_PATH}:/home/yj/ros2_ws/install/sfbot_control:/home/yj/ros2_ws/install/ros2_control_demo_testing:/home/yj/ros2_ws/install/moveit_configs_utils:/opt/ros/jazzy DEBUGINFOD_URLS=https://debuginfod.ubuntu.com VIRTUAL_ENV_PROMPT=(ros2_venv) /usr/bin/cmake /home/yj/ros2_ws/src/sfbot_can -DCMAKE_INSTALL_PREFIX=/home/yj/ros2_ws/src/sfbot_can/install/sfbot_can
[2.662s] DEBUG:colcon.colcon_core.event_handler.log_command:Invoked command in '/home/yj/ros2_ws/src/sfbot_can/build/sfbot_can' returned '0': CMAKE_PREFIX_PATH=${CMAKE_PREFIX_PATH}:/home/yj/ros2_ws/install/sfbot_control:/home/yj/ros2_ws/install/ros2_control_demo_testing:/home/yj/ros2_ws/install/moveit_configs_utils:/opt/ros/jazzy DEBUGINFOD_URLS=https://debuginfod.ubuntu.com VIRTUAL_ENV_PROMPT=(ros2_venv) /usr/bin/cmake /home/yj/ros2_ws/src/sfbot_can -DCMAKE_INSTALL_PREFIX=/home/yj/ros2_ws/src/sfbot_can/install/sfbot_can
[2.664s] DEBUG:colcon.colcon_core.event_handler.log_command:Invoking command in '/home/yj/ros2_ws/src/sfbot_can/build/sfbot_can': CMAKE_PREFIX_PATH=${CMAKE_PREFIX_PATH}:/home/yj/ros2_ws/install/sfbot_control:/home/yj/ros2_ws/install/ros2_control_demo_testing:/home/yj/ros2_ws/install/moveit_configs_utils:/opt/ros/jazzy DEBUGINFOD_URLS=https://debuginfod.ubuntu.com VIRTUAL_ENV_PROMPT=(ros2_venv) /usr/bin/cmake --build /home/yj/ros2_ws/src/sfbot_can/build/sfbot_can -- -j8 -l8
[7.580s] DEBUG:colcon.colcon_core.event_handler.log_command:Invoked command in '/home/yj/ros2_ws/src/sfbot_can/build/sfbot_can' returned '0': CMAKE_PREFIX_PATH=${CMAKE_PREFIX_PATH}:/home/yj/ros2_ws/install/sfbot_control:/home/yj/ros2_ws/install/ros2_control_demo_testing:/home/yj/ros2_ws/install/moveit_configs_utils:/opt/ros/jazzy DEBUGINFOD_URLS=https://debuginfod.ubuntu.com VIRTUAL_ENV_PROMPT=(ros2_venv) /usr/bin/cmake --build /home/yj/ros2_ws/src/sfbot_can/build/sfbot_can -- -j8 -l8
[7.591s] DEBUG:colcon.colcon_core.event_handler.log_command:Invoking command in '/home/yj/ros2_ws/src/sfbot_can/build/sfbot_can': CMAKE_PREFIX_PATH=${CMAKE_PREFIX_PATH}:/home/yj/ros2_ws/install/sfbot_control:/home/yj/ros2_ws/install/ros2_control_demo_testing:/home/yj/ros2_ws/install/moveit_configs_utils:/opt/ros/jazzy DEBUGINFOD_URLS=https://debuginfod.ubuntu.com VIRTUAL_ENV_PROMPT=(ros2_venv) /usr/bin/cmake --install /home/yj/ros2_ws/src/sfbot_can/build/sfbot_can
[7.634s] Level 1:colcon.colcon_core.environment:create_environment_scripts_only(sfbot_can)
[7.635s] DEBUG:colcon.colcon_core.event_handler.log_command:Invoked command in '/home/yj/ros2_ws/src/sfbot_can/build/sfbot_can' returned '0': CMAKE_PREFIX_PATH=${CMAKE_PREFIX_PATH}:/home/yj/ros2_ws/install/sfbot_control:/home/yj/ros2_ws/install/ros2_control_demo_testing:/home/yj/ros2_ws/install/moveit_configs_utils:/opt/ros/jazzy DEBUGINFOD_URLS=https://debuginfod.ubuntu.com VIRTUAL_ENV_PROMPT=(ros2_venv) /usr/bin/cmake --install /home/yj/ros2_ws/src/sfbot_can/build/sfbot_can
[7.639s] Level 1:colcon.colcon_core.environment:checking '/home/yj/ros2_ws/src/sfbot_can/install/sfbot_can' for CMake module files
[7.640s] Level 1:colcon.colcon_core.environment:checking '/home/yj/ros2_ws/src/sfbot_can/install/sfbot_can' for CMake config files
[7.640s] Level 1:colcon.colcon_core.shell:create_environment_hook('sfbot_can', 'cmake_prefix_path')
[7.640s] INFO:colcon.colcon_core.shell:Creating environment hook '/home/yj/ros2_ws/src/sfbot_can/install/sfbot_can/share/sfbot_can/hook/cmake_prefix_path.ps1'
[7.641s] INFO:colcon.colcon_core.shell:Creating environment descriptor '/home/yj/ros2_ws/src/sfbot_can/install/sfbot_can/share/sfbot_can/hook/cmake_prefix_path.dsv'
[7.641s] INFO:colcon.colcon_core.shell:Creating environment hook '/home/yj/ros2_ws/src/sfbot_can/install/sfbot_can/share/sfbot_can/hook/cmake_prefix_path.sh'
[7.642s] Level 1:colcon.colcon_core.environment:checking '/home/yj/ros2_ws/src/sfbot_can/install/sfbot_can/lib'
[7.642s] Level 1:colcon.colcon_core.shell:create_environment_hook('sfbot_can', 'ld_library_path_lib')
[7.642s] INFO:colcon.colcon_core.shell:Creating environment hook '/home/yj/ros2_ws/src/sfbot_can/install/sfbot_can/share/sfbot_can/hook/ld_library_path_lib.ps1'
[7.643s] INFO:colcon.colcon_core.shell:Creating environment descriptor '/home/yj/ros2_ws/src/sfbot_can/install/sfbot_can/share/sfbot_can/hook/ld_library_path_lib.dsv'
[7.643s] INFO:colcon.colcon_core.shell:Creating environment hook '/home/yj/ros2_ws/src/sfbot_can/install/sfbot_can/share/sfbot_can/hook/ld_library_path_lib.sh'
[7.643s] Level 1:colcon.colcon_core.environment:checking '/home/yj/ros2_ws/src/sfbot_can/install/sfbot_can/bin'
[7.643s] Level 1:colcon.colcon_core.environment:checking '/home/yj/ros2_ws/src/sfbot_can/install/sfbot_can/lib/pkgconfig/sfbot_can.pc'
[7.644s] Level 1:colcon.colcon_core.environment:checking '/home/yj/ros2_ws/src/sfbot_can/install/sfbot_can/lib/python3.12/site-packages'
[7.644s] Level 1:colcon.colcon_core.environment:checking '/home/yj/ros2_ws/src/sfbot_can/install/sfbot_can/bin'
[7.644s] INFO:colcon.colcon_core.shell:Creating package script '/home/yj/ros2_ws/src/sfbot_can/install/sfbot_can/share/sfbot_can/package.ps1'
[7.645s] INFO:colcon.colcon_core.shell:Creating package descriptor '/home/yj/ros2_ws/src/sfbot_can/install/sfbot_can/share/sfbot_can/package.dsv'
[7.646s] INFO:colcon.colcon_core.shell:Creating package script '/home/yj/ros2_ws/src/sfbot_can/install/sfbot_can/share/sfbot_can/package.sh'
[7.646s] INFO:colcon.colcon_core.shell:Creating package script '/home/yj/ros2_ws/src/sfbot_can/install/sfbot_can/share/sfbot_can/package.bash'
[7.647s] INFO:colcon.colcon_core.shell:Creating package script '/home/yj/ros2_ws/src/sfbot_can/install/sfbot_can/share/sfbot_can/package.zsh'
[7.648s] Level 1:colcon.colcon_core.environment:create_file_with_runtime_dependencies(/home/yj/ros2_ws/src/sfbot_can/install/sfbot_can/share/colcon-core/packages/sfbot_can)
[7.648s] Level 1:colcon.colcon_core.environment:create_environment_scripts_only(sfbot_can)
[7.648s] Level 1:colcon.colcon_core.environment:checking '/home/yj/ros2_ws/src/sfbot_can/install/sfbot_can' for CMake module files
[7.649s] Level 1:colcon.colcon_core.environment:checking '/home/yj/ros2_ws/src/sfbot_can/install/sfbot_can' for CMake config files
[7.649s] Level 1:colcon.colcon_core.shell:create_environment_hook('sfbot_can', 'cmake_prefix_path')
[7.649s] INFO:colcon.colcon_core.shell:Creating environment hook '/home/yj/ros2_ws/src/sfbot_can/install/sfbot_can/share/sfbot_can/hook/cmake_prefix_path.ps1'
[7.649s] INFO:colcon.colcon_core.shell:Creating environment descriptor '/home/yj/ros2_ws/src/sfbot_can/install/sfbot_can/share/sfbot_can/hook/cmake_prefix_path.dsv'
[7.649s] INFO:colcon.colcon_core.shell:Creating environment hook '/home/yj/ros2_ws/src/sfbot_can/install/sfbot_can/share/sfbot_can/hook/cmake_prefix_path.sh'
[7.650s] Level 1:colcon.colcon_core.environment:checking '/home/yj/ros2_ws/src/sfbot_can/install/sfbot_can/lib'
[7.650s] Level 1:colcon.colcon_core.shell:create_environment_hook('sfbot_can', 'ld_library_path_lib')
[7.650s] INFO:colcon.colcon_core.shell:Creating environment hook '/home/yj/ros2_ws/src/sfbot_can/install/sfbot_can/share/sfbot_can/hook/ld_library_path_lib.ps1'
[7.650s] INFO:colcon.colcon_core.shell:Creating environment descriptor '/home/yj/ros2_ws/src/sfbot_can/install/sfbot_can/share/sfbot_can/hook/ld_library_path_lib.dsv'
[7.650s] INFO:colcon.colcon_core.shell:Creating environment hook '/home/yj/ros2_ws/src/sfbot_can/install/sfbot_can/share/sfbot_can/hook/ld_library_path_lib.sh'
[7.650s] Level 1:colcon.colcon_core.environment:checking '/home/yj/ros2_ws/src/sfbot_can/install/sfbot_can/bin'
[7.650s] Level 1:colcon.colcon_core.environment:checking '/home/yj/ros2_ws/src/sfbot_can/install/sfbot_can/lib/pkgconfig/sfbot_can.pc'
[7.651s] Level 1:colcon.colcon_core.environment:checking '/home/yj/ros2_ws/src/sfbot_can/install/sfbot_can/lib/python3.12/site-packages'
[7.651s] Level 1:colcon.colcon_core.environment:checking '/home/yj/ros2_ws/src/sfbot_can/install/sfbot_can/bin'
[7.651s] INFO:colcon.colcon_core.shell:Creating package script '/home/yj/ros2_ws/src/sfbot_can/install/sfbot_can/share/sfbot_can/package.ps1'
[7.663s] INFO:colcon.colcon_core.shell:Creating package descriptor '/home/yj/ros2_ws/src/sfbot_can/install/sfbot_can/share/sfbot_can/package.dsv'
[7.664s] INFO:colcon.colcon_core.shell:Creating package script '/home/yj/ros2_ws/src/sfbot_can/install/sfbot_can/share/sfbot_can/package.sh'
[7.664s] INFO:colcon.colcon_core.shell:Creating package script '/home/yj/ros2_ws/src/sfbot_can/install/sfbot_can/share/sfbot_can/package.bash'
[7.665s] INFO:colcon.colcon_core.shell:Creating package script '/home/yj/ros2_ws/src/sfbot_can/install/sfbot_can/share/sfbot_can/package.zsh'
[7.665s] Level 1:colcon.colcon_core.environment:create_file_with_runtime_dependencies(/home/yj/ros2_ws/src/sfbot_can/install/sfbot_can/share/colcon-core/packages/sfbot_can)
[7.665s] DEBUG:colcon.colcon_parallel_executor.executor.parallel:closing loop
[7.665s] DEBUG:colcon.colcon_parallel_executor.executor.parallel:loop closed
[7.665s] DEBUG:colcon.colcon_parallel_executor.executor.parallel:run_until_complete finished with '0'
[7.665s] DEBUG:colcon.colcon_core.event_reactor:joining thread
[7.671s] INFO:colcon.colcon_core.plugin_system:Skipping extension 'colcon_notification.desktop_notification.terminal_notifier': Not used on non-Darwin systems
[7.671s] INFO:colcon.colcon_core.plugin_system:Skipping extension 'colcon_notification.desktop_notification.win32': Not used on non-Windows systems
[7.671s] INFO:colcon.colcon_notification.desktop_notification:Sending desktop notification using 'notify2'
[7.695s] DEBUG:colcon.colcon_core.event_reactor:joined thread
[7.695s] INFO:colcon.colcon_core.shell:Creating prefix script '/home/yj/ros2_ws/src/sfbot_can/install/local_setup.ps1'
[7.696s] INFO:colcon.colcon_core.shell:Creating prefix util module '/home/yj/ros2_ws/src/sfbot_can/install/_local_setup_util_ps1.py'
[7.697s] INFO:colcon.colcon_core.shell:Creating prefix chain script '/home/yj/ros2_ws/src/sfbot_can/install/setup.ps1'
[7.700s] INFO:colcon.colcon_core.shell:Creating prefix script '/home/yj/ros2_ws/src/sfbot_can/install/local_setup.sh'
[7.701s] INFO:colcon.colcon_core.shell:Creating prefix util module '/home/yj/ros2_ws/src/sfbot_can/install/_local_setup_util_sh.py'
[7.701s] INFO:colcon.colcon_core.shell:Creating prefix chain script '/home/yj/ros2_ws/src/sfbot_can/install/setup.sh'
[7.705s] INFO:colcon.colcon_core.shell:Creating prefix script '/home/yj/ros2_ws/src/sfbot_can/install/local_setup.bash'
[7.705s] INFO:colcon.colcon_core.shell:Creating prefix chain script '/home/yj/ros2_ws/src/sfbot_can/install/setup.bash'
[7.709s] INFO:colcon.colcon_core.shell:Creating prefix script '/home/yj/ros2_ws/src/sfbot_can/install/local_setup.zsh'
[7.709s] INFO:colcon.colcon_core.shell:Creating prefix chain script '/home/yj/ros2_ws/src/sfbot_can/install/setup.zsh'
